2022-01-09T10:12:28.928Z - [INFO   ] - App is running on http://localhost:4000
2022-01-09T10:12:46.926Z - [INFO   ] - request: url: / params: {} body: {} - response code: 200
2022-01-09T10:12:46.967Z - [INFO   ] - request: url: / params: {} body: {"name":"TEST_USER","login":"test_user","password":"T35t_P@55w0rd"} - response code: 200
2022-01-09T10:12:46.987Z - [INFO   ] - request: url: /ef16cdc3-431a-42bc-bf42-6cdf0051772e params: {"id":"ef16cdc3-431a-42bc-bf42-6cdf0051772e"} body: {} - response code: 200
2022-01-09T10:12:46.992Z - [INFO   ] - request: url: /ef16cdc3-431a-42bc-bf42-6cdf0051772e params: {"id":"ef16cdc3-431a-42bc-bf42-6cdf0051772e"} body: {} - response code: 200
2022-01-09T10:12:47.001Z - [INFO   ] - request: url: / params: {} body: {"name":"TEST_USER","login":"test_user","password":"T35t_P@55w0rd"} - response code: 200
2022-01-09T10:12:47.009Z - [INFO   ] - request: url: /9cb4d294-8f4f-47fa-a16a-b6aba7ed0e91 params: {"id":"9cb4d294-8f4f-47fa-a16a-b6aba7ed0e91"} body: {} - response code: 200
2022-01-09T10:12:47.013Z - [INFO   ] - request: url: / params: {} body: {"name":"TEST_USER","login":"test_user","password":"T35t_P@55w0rd"} - response code: 200
2022-01-09T10:12:47.017Z - [INFO   ] - request: url: /1c46fe8b-bf3f-48a9-a505-0ce848cb1db3 params: {"id":"1c46fe8b-bf3f-48a9-a505-0ce848cb1db3"} body: {"name":"Autotest updated TEST_USER","login":"test_user","password":"T35t_P@55w0rd","id":"1c46fe8b-bf3f-48a9-a505-0ce848cb1db3"} - response code: 200
2022-01-09T10:12:47.024Z - [INFO   ] - request: url: /1c46fe8b-bf3f-48a9-a505-0ce848cb1db3 params: {"id":"1c46fe8b-bf3f-48a9-a505-0ce848cb1db3"} body: {} - response code: 200
2022-01-09T10:12:47.029Z - [INFO   ] - request: url: /1c46fe8b-bf3f-48a9-a505-0ce848cb1db3 params: {"id":"1c46fe8b-bf3f-48a9-a505-0ce848cb1db3"} body: {} - response code: 200
2022-01-09T10:12:47.033Z - [INFO   ] - request: url: / params: {} body: {"name":"TEST_USER","login":"test_user","password":"T35t_P@55w0rd"} - response code: 200
2022-01-09T10:12:47.037Z - [INFO   ] - request: url: /ddfed131-c2b0-4468-ac63-cb9f2bd7445b params: {"id":"ddfed131-c2b0-4468-ac63-cb9f2bd7445b"} body: {} - response code: 200
2022-01-09T10:12:47.047Z - [INFO   ] - request: url: / params: {} body: {"name":"TEST_USER","login":"test_user","password":"T35t_P@55w0rd"} - response code: 200
2022-01-09T10:12:47.050Z - [INFO   ] - request: url: / params: {} body: {"title":"Autotest board","columns":[{"title":"Backlog","order":1},{"title":"Sprint","order":2}]} - response code: 200
2022-01-09T10:12:47.057Z - [INFO   ] - request: url: / params: {"boardId":"0d63aea3-c429-4d5b-bbde-db33b02b28f6"} body: {"title":"Task #1","order":1,"description":"Lorem ipsum","userId":"0ad004aa-1fed-42ab-933e-03684e88bc39","boardId":"0d63aea3-c429-4d5b-bbde-db33b02b28f6"} - response code: 200
2022-01-09T10:12:47.059Z - [INFO   ] - request: url: / params: {"boardId":"0d63aea3-c429-4d5b-bbde-db33b02b28f6"} body: {"title":"Task #2","order":2,"description":"Lorem ipsum","userId":"0ad004aa-1fed-42ab-933e-03684e88bc39","boardId":"0d63aea3-c429-4d5b-bbde-db33b02b28f6"} - response code: 200
2022-01-09T10:12:47.062Z - [INFO   ] - request: url: /0ad004aa-1fed-42ab-933e-03684e88bc39 params: {"id":"0ad004aa-1fed-42ab-933e-03684e88bc39"} body: {} - response code: 200
2022-01-09T10:12:47.066Z - [INFO   ] - request: url: /71ba7bf8-1a4a-4a9b-a530-c640828e6cbd params: {"boardId":"0d63aea3-c429-4d5b-bbde-db33b02b28f6","taskId":"71ba7bf8-1a4a-4a9b-a530-c640828e6cbd"} body: {} - response code: 200
2022-01-09T10:12:47.070Z - [INFO   ] - request: url: /64934fd4-9e6d-4f9c-9d39-e2e28498898c params: {"boardId":"0d63aea3-c429-4d5b-bbde-db33b02b28f6","taskId":"64934fd4-9e6d-4f9c-9d39-e2e28498898c"} body: {} - response code: 200
2022-01-09T10:12:47.074Z - [INFO   ] - request: url: /71ba7bf8-1a4a-4a9b-a530-c640828e6cbd params: {"boardId":"0d63aea3-c429-4d5b-bbde-db33b02b28f6","taskId":"71ba7bf8-1a4a-4a9b-a530-c640828e6cbd"} body: {} - response code: 200
2022-01-09T10:12:47.076Z - [INFO   ] - request: url: /64934fd4-9e6d-4f9c-9d39-e2e28498898c params: {"boardId":"0d63aea3-c429-4d5b-bbde-db33b02b28f6","taskId":"64934fd4-9e6d-4f9c-9d39-e2e28498898c"} body: {} - response code: 200
2022-01-09T10:12:47.079Z - [INFO   ] - request: url: /0d63aea3-c429-4d5b-bbde-db33b02b28f6 params: {"id":"0d63aea3-c429-4d5b-bbde-db33b02b28f6"} body: {} - response code: 200
2022-01-09T10:12:47.313Z - [INFO   ] - request: url: / params: {} body: {"title":"Autotest board","columns":[{"title":"Backlog","order":1},{"title":"Sprint","order":2}]} - response code: 200
2022-01-09T10:12:47.329Z - [INFO   ] - request: url: / params: {} body: {} - response code: 200
2022-01-09T10:12:47.337Z - [INFO   ] - request: url: / params: {} body: {} - response code: 200
2022-01-09T10:12:47.341Z - [INFO   ] - request: url: /a1282290-ddb9-4f07-8288-2a0050e9ecb1 params: {"id":"a1282290-ddb9-4f07-8288-2a0050e9ecb1"} body: {} - response code: 200
2022-01-09T10:12:47.351Z - [INFO   ] - request: url: / params: {} body: {"title":"Autotest board","columns":[{"title":"Backlog","order":1},{"title":"Sprint","order":2}]} - response code: 200
2022-01-09T10:12:47.376Z - [INFO   ] - request: url: /cb79024d-6e90-4fc8-9d12-d6ff3941300e params: {"id":"cb79024d-6e90-4fc8-9d12-d6ff3941300e"} body: {} - response code: 200
2022-01-09T10:12:47.381Z - [INFO   ] - request: url: / params: {} body: {"title":"Autotest board","columns":[{"title":"Backlog","order":1},{"title":"Sprint","order":2}]} - response code: 200
2022-01-09T10:12:47.387Z - [INFO   ] - request: url: /eaea0f73-49ce-4566-94f0-306802a86aab params: {"id":"eaea0f73-49ce-4566-94f0-306802a86aab"} body: {"id":"eaea0f73-49ce-4566-94f0-306802a86aab","title":"Autotest updated board","columns":[{"title":"Backlog","order":1},{"title":"Sprint","order":2}]} - response code: 200
2022-01-09T10:12:47.393Z - [INFO   ] - request: url: /eaea0f73-49ce-4566-94f0-306802a86aab params: {"id":"eaea0f73-49ce-4566-94f0-306802a86aab"} body: {} - response code: 200
2022-01-09T10:12:47.397Z - [INFO   ] - request: url: /eaea0f73-49ce-4566-94f0-306802a86aab params: {"id":"eaea0f73-49ce-4566-94f0-306802a86aab"} body: {} - response code: 200
2022-01-09T10:12:47.407Z - [INFO   ] - request: url: / params: {} body: {"title":"Autotest board","columns":[{"title":"Backlog","order":1},{"title":"Sprint","order":2}]} - response code: 200
2022-01-09T10:12:47.410Z - [INFO   ] - request: url: /dbc4ef26-a6e7-4971-8bfc-cbd931c71848 params: {"id":"dbc4ef26-a6e7-4971-8bfc-cbd931c71848"} body: {} - response code: 200
2022-01-09T10:12:47.414Z - [INFO   ] - request: url: /dbc4ef26-a6e7-4971-8bfc-cbd931c71848 params: {"id":"dbc4ef26-a6e7-4971-8bfc-cbd931c71848"} body: {} - response code: 200
2022-01-09T10:12:47.415Z - [INFO   ] - request: url: /boards/dbc4ef26-a6e7-4971-8bfc-cbd931c71848 params: {} body: {} - err: 404 - Board with id dbc4ef26-a6e7-4971-8bfc-cbd931c71848 not found
2022-01-09T10:12:47.420Z - [INFO   ] - request: url: / params: {} body: {"title":"Autotest board","columns":[{"title":"Backlog","order":1},{"title":"Sprint","order":2}]} - response code: 200
2022-01-09T10:12:47.432Z - [INFO   ] - request: url: / params: {"boardId":"0ce0a03d-fc0d-4335-b4bb-18d08147ec6b"} body: {"title":"Task #1","order":1,"description":"Lorem ipsum","boardId":"0ce0a03d-fc0d-4335-b4bb-18d08147ec6b","userId":null,"columnId":null} - response code: 200
2022-01-09T10:12:47.434Z - [INFO   ] - request: url: / params: {"boardId":"0ce0a03d-fc0d-4335-b4bb-18d08147ec6b"} body: {"title":"Task #2","order":2,"description":"Lorem ipsum","boardId":"0ce0a03d-fc0d-4335-b4bb-18d08147ec6b","userId":null,"columnId":null} - response code: 200
2022-01-09T10:12:47.435Z - [INFO   ] - request: url: / params: {"boardId":"0ce0a03d-fc0d-4335-b4bb-18d08147ec6b"} body: {"title":"Task #3","order":3,"description":"Lorem ipsum","boardId":"0ce0a03d-fc0d-4335-b4bb-18d08147ec6b","userId":null,"columnId":null} - response code: 200
2022-01-09T10:12:47.438Z - [INFO   ] - request: url: / params: {"boardId":"0ce0a03d-fc0d-4335-b4bb-18d08147ec6b"} body: {"title":"Task #4","order":4,"description":"Lorem ipsum","boardId":"0ce0a03d-fc0d-4335-b4bb-18d08147ec6b","userId":null,"columnId":null} - response code: 200
2022-01-09T10:12:47.440Z - [INFO   ] - request: url: / params: {"boardId":"0ce0a03d-fc0d-4335-b4bb-18d08147ec6b"} body: {"title":"Task #5","order":5,"description":"Lorem ipsum","boardId":"0ce0a03d-fc0d-4335-b4bb-18d08147ec6b","userId":null,"columnId":null} - response code: 200
2022-01-09T10:12:47.450Z - [INFO   ] - request: url: /2a99d825-0699-4d9f-b3e2-ca0ee0dfd7c4 params: {"boardId":"0ce0a03d-fc0d-4335-b4bb-18d08147ec6b","taskId":"2a99d825-0699-4d9f-b3e2-ca0ee0dfd7c4"} body: {} - response code: 200
2022-01-09T10:12:47.451Z - [INFO   ] - request: url: /a6dd6852-f797-4e7e-b6ec-f4ea5ccb7439 params: {"boardId":"0ce0a03d-fc0d-4335-b4bb-18d08147ec6b","taskId":"a6dd6852-f797-4e7e-b6ec-f4ea5ccb7439"} body: {} - response code: 200
2022-01-09T10:12:47.453Z - [INFO   ] - request: url: /06dfdd1a-7a03-4fa2-ab49-35f6636418b5 params: {"boardId":"0ce0a03d-fc0d-4335-b4bb-18d08147ec6b","taskId":"06dfdd1a-7a03-4fa2-ab49-35f6636418b5"} body: {} - response code: 200
2022-01-09T10:12:47.455Z - [INFO   ] - request: url: /d9e57d67-7d54-4b0d-b0f4-ccc58da3668b params: {"boardId":"0ce0a03d-fc0d-4335-b4bb-18d08147ec6b","taskId":"d9e57d67-7d54-4b0d-b0f4-ccc58da3668b"} body: {} - response code: 200
2022-01-09T10:12:47.457Z - [INFO   ] - request: url: /b388e0f2-760c-436b-950a-d3a8c0e06196 params: {"boardId":"0ce0a03d-fc0d-4335-b4bb-18d08147ec6b","taskId":"b388e0f2-760c-436b-950a-d3a8c0e06196"} body: {} - response code: 200
2022-01-09T10:12:47.463Z - [INFO   ] - request: url: /0ce0a03d-fc0d-4335-b4bb-18d08147ec6b params: {"id":"0ce0a03d-fc0d-4335-b4bb-18d08147ec6b"} body: {} - response code: 200
2022-01-09T10:12:47.469Z - [INFO   ] - request: url: /2a99d825-0699-4d9f-b3e2-ca0ee0dfd7c4 params: {"boardId":"0ce0a03d-fc0d-4335-b4bb-18d08147ec6b","taskId":"2a99d825-0699-4d9f-b3e2-ca0ee0dfd7c4"} body: {} - response code: 200
2022-01-09T10:12:47.470Z - [INFO   ] - request: url: /boards/0ce0a03d-fc0d-4335-b4bb-18d08147ec6b/tasks/2a99d825-0699-4d9f-b3e2-ca0ee0dfd7c4 params: {} body: {} - err: 404 - Board with id 0ce0a03d-fc0d-4335-b4bb-18d08147ec6b not found
2022-01-09T10:12:47.472Z - [INFO   ] - request: url: /a6dd6852-f797-4e7e-b6ec-f4ea5ccb7439 params: {"boardId":"0ce0a03d-fc0d-4335-b4bb-18d08147ec6b","taskId":"a6dd6852-f797-4e7e-b6ec-f4ea5ccb7439"} body: {} - response code: 200
2022-01-09T10:12:47.473Z - [INFO   ] - request: url: /06dfdd1a-7a03-4fa2-ab49-35f6636418b5 params: {"boardId":"0ce0a03d-fc0d-4335-b4bb-18d08147ec6b","taskId":"06dfdd1a-7a03-4fa2-ab49-35f6636418b5"} body: {} - response code: 200
2022-01-09T10:12:47.474Z - [INFO   ] - request: url: /d9e57d67-7d54-4b0d-b0f4-ccc58da3668b params: {"boardId":"0ce0a03d-fc0d-4335-b4bb-18d08147ec6b","taskId":"d9e57d67-7d54-4b0d-b0f4-ccc58da3668b"} body: {} - response code: 200
2022-01-09T10:12:47.475Z - [INFO   ] - request: url: /b388e0f2-760c-436b-950a-d3a8c0e06196 params: {"boardId":"0ce0a03d-fc0d-4335-b4bb-18d08147ec6b","taskId":"b388e0f2-760c-436b-950a-d3a8c0e06196"} body: {} - response code: 200
2022-01-09T10:12:47.476Z - [INFO   ] - request: url: /boards/0ce0a03d-fc0d-4335-b4bb-18d08147ec6b/tasks/a6dd6852-f797-4e7e-b6ec-f4ea5ccb7439 params: {} body: {} - err: 404 - Board with id 0ce0a03d-fc0d-4335-b4bb-18d08147ec6b not found
2022-01-09T10:12:47.477Z - [INFO   ] - request: url: /boards/0ce0a03d-fc0d-4335-b4bb-18d08147ec6b/tasks/06dfdd1a-7a03-4fa2-ab49-35f6636418b5 params: {} body: {} - err: 404 - Board with id 0ce0a03d-fc0d-4335-b4bb-18d08147ec6b not found
2022-01-09T10:12:47.478Z - [INFO   ] - request: url: /boards/0ce0a03d-fc0d-4335-b4bb-18d08147ec6b/tasks/d9e57d67-7d54-4b0d-b0f4-ccc58da3668b params: {} body: {} - err: 404 - Board with id 0ce0a03d-fc0d-4335-b4bb-18d08147ec6b not found
2022-01-09T10:12:47.479Z - [INFO   ] - request: url: /boards/0ce0a03d-fc0d-4335-b4bb-18d08147ec6b/tasks/b388e0f2-760c-436b-950a-d3a8c0e06196 params: {} body: {} - err: 404 - Board with id 0ce0a03d-fc0d-4335-b4bb-18d08147ec6b not found
2022-01-09T10:12:47.489Z - [INFO   ] - request: url: /a1282290-ddb9-4f07-8288-2a0050e9ecb1 params: {"id":"a1282290-ddb9-4f07-8288-2a0050e9ecb1"} body: {} - response code: 200
2022-01-09T10:12:47.723Z - [INFO   ] - request: url: / params: {} body: {"title":"Autotest board","columns":[{"title":"Backlog","order":1},{"title":"Sprint","order":2}]} - response code: 200
2022-01-09T10:12:47.727Z - [INFO   ] - request: url: / params: {"boardId":"645faff3-1890-4526-97fd-c4c6e0b1cd20"} body: {"title":"Autotest task","order":0,"description":"Lorem ipsum","userId":null,"boardId":null,"columnId":null} - response code: 200
2022-01-09T10:12:47.757Z - [INFO   ] - request: url: / params: {"boardId":"645faff3-1890-4526-97fd-c4c6e0b1cd20"} body: {} - response code: 200
2022-01-09T10:12:47.772Z - [INFO   ] - request: url: / params: {"boardId":"645faff3-1890-4526-97fd-c4c6e0b1cd20"} body: {} - response code: 200
2022-01-09T10:12:47.777Z - [INFO   ] - request: url: /a25662c8-d1dc-4e79-bf09-4fd22df75378 params: {"boardId":"645faff3-1890-4526-97fd-c4c6e0b1cd20","taskId":"a25662c8-d1dc-4e79-bf09-4fd22df75378"} body: {} - response code: 200
2022-01-09T10:12:47.782Z - [INFO   ] - request: url: / params: {"boardId":"645faff3-1890-4526-97fd-c4c6e0b1cd20"} body: {"title":"Autotest task","order":0,"description":"Lorem ipsum","userId":null,"boardId":null,"columnId":null} - response code: 200
2022-01-09T10:12:47.785Z - [INFO   ] - request: url: /87d65de6-e4f3-4737-b896-c74524233e60 params: {"boardId":"645faff3-1890-4526-97fd-c4c6e0b1cd20","taskId":"87d65de6-e4f3-4737-b896-c74524233e60"} body: {} - response code: 200
2022-01-09T10:12:47.791Z - [INFO   ] - request: url: / params: {"boardId":"645faff3-1890-4526-97fd-c4c6e0b1cd20"} body: {"title":"Autotest task","order":0,"description":"Lorem ipsum","userId":null,"boardId":null,"columnId":null} - response code: 200
2022-01-09T10:12:47.794Z - [INFO   ] - request: url: /f5652388-7d9a-4136-a267-71cf7a03cdfc params: {"boardId":"645faff3-1890-4526-97fd-c4c6e0b1cd20","taskId":"f5652388-7d9a-4136-a267-71cf7a03cdfc"} body: {"id":"f5652388-7d9a-4136-a267-71cf7a03cdfc","title":"Autotest updated task","order":0,"description":"Lorem ipsum","userId":null,"boardId":"645faff3-1890-4526-97fd-c4c6e0b1cd20","columnId":null} - response code: 200
2022-01-09T10:12:47.799Z - [INFO   ] - request: url: /f5652388-7d9a-4136-a267-71cf7a03cdfc params: {"boardId":"645faff3-1890-4526-97fd-c4c6e0b1cd20","taskId":"f5652388-7d9a-4136-a267-71cf7a03cdfc"} body: {} - response code: 200
2022-01-09T10:12:47.804Z - [INFO   ] - request: url: /a25662c8-d1dc-4e79-bf09-4fd22df75378 params: {"boardId":"645faff3-1890-4526-97fd-c4c6e0b1cd20","taskId":"a25662c8-d1dc-4e79-bf09-4fd22df75378"} body: {} - response code: 200
2022-01-09T10:12:47.807Z - [INFO   ] - request: url: /a25662c8-d1dc-4e79-bf09-4fd22df75378 params: {"boardId":"645faff3-1890-4526-97fd-c4c6e0b1cd20","taskId":"a25662c8-d1dc-4e79-bf09-4fd22df75378"} body: {} - response code: 200
2022-01-09T10:12:47.812Z - [INFO   ] - request: url: /a25662c8-d1dc-4e79-bf09-4fd22df75378 params: {"boardId":"645faff3-1890-4526-97fd-c4c6e0b1cd20","taskId":"a25662c8-d1dc-4e79-bf09-4fd22df75378"} body: {} - response code: 200
2022-01-09T10:12:47.812Z - [INFO   ] - request: url: /boards/645faff3-1890-4526-97fd-c4c6e0b1cd20/tasks/a25662c8-d1dc-4e79-bf09-4fd22df75378 params: {} body: {} - err: 404 - Task with id a25662c8-d1dc-4e79-bf09-4fd22df75378 not found
2022-01-09T10:12:47.816Z - [INFO   ] - request: url: /645faff3-1890-4526-97fd-c4c6e0b1cd20 params: {"id":"645faff3-1890-4526-97fd-c4c6e0b1cd20"} body: {} - response code: 200
2022-01-09T10:13:07.112Z - [INFO   ] - App is running on http://localhost:4000
